Base path: C:/Program Files (x86)/Unity/Editor/Data
Pipe name: \\.\pipe\UnityShaderCompiler-4-3488
Cmd: getPlatforms
Cmd: compileSnippet
  api=9 type=1 insize=1025 outsize=7 kw= ok=1
Cmd: compileSnippet
  api=9 type=0 insize=1248 outsize=1140 kw= ok=1
Cmd: compileSnippet
  api=9 type=1 insize=1309 outsize=7 kw= ok=1
Cmd: compileSnippet
  api=9 type=0 insize=986 outsize=775 kw= ok=1
Cmd: compileSnippet
  api=9 type=1 insize=986 outsize=7 kw= ok=1
Cmd: compileSnippet
  api=9 type=1 insize=1307 outsize=7 kw= ok=1
Cmd: compileSnippet
  api=9 type=1 insize=1269 outsize=7 kw= ok=1
Cmd: compileSnippet
  api=9 type=1 insize=1265 outsize=7 kw= ok=1
Cmd: compileSnippet
  api=9 type=1 insize=1384 outsize=7 kw= ok=1
Cmd: compileSnippet
  api=9 type=1 insize=1081 outsize=7 kw= ok=1
Unhandled exception: Readfile from pipe failed. GLE=管道已结束。


Quitting shader compiler process
