Base path: C:/Program Files (x86)/Unity/Editor/Data
Pipe name: \\.\pipe\UnityShaderCompiler-1-9200
Cmd: getPlatforms
<<<<<<< HEAD
Cmd: compileSnippet
  api=0 type=0 insize=1203 outsize=441 kw= ok=1
Cmd: compileSnippet
  api=0 type=1 insize=1203 outsize=344 kw= ok=1
Cmd: compileSnippet
  api=0 type=0 insize=1218 outsize=441 kw= ok=1
Cmd: compileSnippet
  api=0 type=1 insize=1218 outsize=365 kw= ok=1
=======
Cmd: preprocess
  insize=1671 outsize=948 ok=1
Cmd: preprocess
  insize=1909 outsize=963 ok=1
Cmd: preprocess
  insize=238 outsize=238 ok=1
Cmd: preprocess
  insize=1604 outsize=537 ok=1
Cmd: preprocess
  insize=1535 outsize=513 ok=1
Cmd: preprocess
  insize=516 outsize=516 ok=1
Cmd: preprocess
  insize=1945 outsize=938 ok=1
Cmd: preprocess
  insize=1577 outsize=893 ok=1
Cmd: preprocess
  insize=1543 outsize=537 ok=1
Cmd: preprocess
  insize=1984 outsize=958 ok=1
Cmd: preprocess
  insize=1914 outsize=947 ok=1
Cmd: preprocess
  insize=1502 outsize=539 ok=1
Cmd: preprocess
  insize=3042 outsize=1804 ok=1
Cmd: preprocess
  insize=1982 outsize=959 ok=1
Cmd: preprocess
  insize=2003 outsize=921 ok=1
Cmd: preprocess
  insize=469 outsize=469 ok=1
Cmd: preprocess
  insize=1611 outsize=920 ok=1
Cmd: preprocess
  insize=6248 outsize=3522 ok=1
Cmd: preprocess
  insize=1624 outsize=947 ok=1
Cmd: preprocess
  insize=2361 outsize=2258 ok=1
Cmd: preprocess
  insize=1317 outsize=526 ok=1
Cmd: preprocess
  insize=1774 outsize=995 ok=1
>>>>>>> 7899359122fd4acef882a9b92f38cb2e6194b75a
