Base path: C:/Program Files (x86)/Unity/Editor/Data
Pipe name: \\.\pipe\UnityShaderCompiler-2-8044
Cmd: getPlatforms
Cmd: compileSnippet
  api=9 type=0 insize=993 outsize=793 kw= ok=1
Cmd: compileSnippet
  api=9 type=0 insize=1025 outsize=721 kw= ok=1
Cmd: compileSnippet
  api=9 type=1 insize=1248 outsize=7 kw= ok=1
Cmd: compileSnippet
  api=9 type=0 insize=1324 outsize=1049 kw= ok=1
Cmd: compileSnippet
  api=9 type=0 insize=1309 outsize=1014 kw= ok=1
Cmd: compileSnippet
  api=9 type=0 insize=1307 outsize=1339 kw= ok=1
Cmd: compileSnippet
  api=9 type=0 insize=1328 outsize=1276 kw= ok=1
Cmd: compileSnippet
  api=9 type=0 insize=1269 outsize=1116 kw= ok=1
Cmd: compileSnippet
  api=9 type=0 insize=1325 outsize=1033 kw= ok=1
Cmd: compileSnippet
  api=9 type=0 insize=1384 outsize=1049 kw= ok=1
Cmd: compileSnippet
  api=9 type=1 insize=979 outsize=7 kw= ok=1
Cmd: compileSnippet
  api=9 type=0 insize=1093 outsize=1052 kw= ok=1
Cmd: compileSnippet
  api=9 type=1 insize=1093 outsize=7 kw= ok=1
Cmd: compileSnippet
  api=9 type=0 insize=1081 outsize=928 kw= ok=1
